<?xml version="1.0" encoding="UTF-8"?>
<!-- Generated by org.testng.reporters.JUnitReportReporter -->
<testsuite hostname="DESKTOP-OJIJEQU" failures="0" tests="1" name="automationsquad.project.Testfrom" time="0.027" errors="0" timestamp="07 Jul 2023 07:37:21 GMT" skipped="0">
  <testcase classname="automationsquad.project.Testfrom" name="fre" time="0.027"/>
</testsuite> <!-- automationsquad.project.Testfrom -->
