<?xml version="1.0" encoding="UTF-8"?>
<!-- Generated by org.testng.reporters.JUnitReportReporter -->
<testsuite hostname="DESKTOP-OJIJEQU" failures="0" tests="2" name="automationsquad.project.Testfrom" time="0.032" errors="0" timestamp="01 Jul 2023 08:27:41 GMT" skipped="0">
  <testcase classname="automationsquad.project.Testfrom" name="fre" time="0.002"/>
  <testcase classname="automationsquad.project.Testfrom" name="fr" time="0.030"/>
</testsuite> <!-- automationsquad.project.Testfrom -->
