<?xml version="1.0" encoding="UTF-8"?>
<!-- Generated by org.testng.reporters.JUnitReportReporter -->
<testsuite hostname="DESKTOP-OJIJEQU" failures="0" tests="2" name="automationsquad.project.Testhome" time="0.008" errors="0" timestamp="01 Jul 2023 08:27:41 GMT" skipped="0">
  <testcase classname="automationsquad.project.Testhome" name="gg" time="0.005"/>
  <testcase classname="automationsquad.project.Testhome" name="tr" time="0.003"/>
</testsuite> <!-- automationsquad.project.Testhome -->
